app/build/intermediates/manifest_merge_blame_file/debug/manifest-merger-blame-debug-report.txt
1<?xml version="1.0" encoding="utf-8"?>
2<manifest xmlns:android="http://schemas.android.com/apk/res/android"
3    package="com.salampakistan"
4    android:versionCode="1"
5    android:versionName="1.0" >
6
7    <uses-sdk
8        android:minSdkVersion="21"
8-->src\main\AndroidManifest.xml
9        android:targetSdkVersion="29" />
9-->src\main\AndroidManifest.xml
10
11    <uses-permission android:name="android.permission.INTERNET" />
11-->src\main\AndroidManifest.xml:5:5-67
11-->src\main\AndroidManifest.xml:5:22-64
12    <uses-permission android:name="android.permission.CAMERA" />
12-->src\main\AndroidManifest.xml:6:5-65
12-->src\main\AndroidManifest.xml:6:22-62
13    <uses-permission android:name="android.permission.READ_EXTERNAL_STORAGE" />
13-->src\main\AndroidManifest.xml:7:5-80
13-->src\main\AndroidManifest.xml:7:22-77
14    <uses-permission android:name="android.permission.WRITE_EXTERNAL_STORAGE" />
14-->src\main\AndroidManifest.xml:8:5-81
14-->src\main\AndroidManifest.xml:8:22-78
15
16    <!-- Include required permissions for Google Maps API to run. -->
17    <uses-permission android:name="android.permission.ACCESS_NETWORK_STATE" />
17-->[com.google.android.gms:play-services-maps:17.0.0] AndroidManifest.xml:23:5-79
17-->[com.google.android.gms:play-services-maps:17.0.0] AndroidManifest.xml:23:22-76
18
19    <uses-feature
19-->[com.google.android.gms:play-services-maps:17.0.0] AndroidManifest.xml:26:5-28:35
20        android:glEsVersion="0x00020000"
20-->[com.google.android.gms:play-services-maps:17.0.0] AndroidManifest.xml:27:9-41
21        android:required="true" />
21-->[com.google.android.gms:play-services-maps:17.0.0] AndroidManifest.xml:28:9-32
22
23    <uses-permission android:name="android.permission.VIBRATE" />
23-->[com.wdullaer:materialdatetimepicker:4.2.3] AndroidManifest.xml:26:5-66
23-->[com.wdullaer:materialdatetimepicker:4.2.3] AndroidManifest.xml:26:22-63
24    <uses-permission android:name="com.google.android.finsky.permission.BIND_GET_INSTALL_REFERRER_SERVICE" />
24-->[com.android.installreferrer:installreferrer:1.0] AndroidManifest.xml:9:5-110
24-->[com.android.installreferrer:installreferrer:1.0] AndroidManifest.xml:9:22-107
25
26    <application
26-->src\main\AndroidManifest.xml:10:5-62:19
27        android:name="com.salampakistan.base.App"
27-->src\main\AndroidManifest.xml:11:9-33
28        android:allowBackup="true"
28-->src\main\AndroidManifest.xml:12:9-35
29        android:appComponentFactory="androidx.core.app.CoreComponentFactory"
29-->[androidx.core:core:1.3.2] AndroidManifest.xml:24:18-86
30        android:debuggable="true"
31        android:icon="@mipmap/logo"
31-->src\main\AndroidManifest.xml:13:9-36
32        android:label="@string/app_name"
32-->src\main\AndroidManifest.xml:14:9-41
33        android:roundIcon="@mipmap/logo"
33-->src\main\AndroidManifest.xml:15:9-41
34        android:supportsRtl="true"
34-->src\main\AndroidManifest.xml:16:9-35
35        android:testOnly="true"
36        android:theme="@style/AppTheme" >
36-->src\main\AndroidManifest.xml:17:9-40
37        <activity android:name="com.salampakistan.ui.IntroActivity" />
37-->src\main\AndroidManifest.xml:18:9-63
37-->src\main\AndroidManifest.xml:18:19-51
38
39        <meta-data
39-->src\main\AndroidManifest.xml:20:9-22:55
40            android:name="com.google.android.geo.API_KEY"
40-->src\main\AndroidManifest.xml:21:13-58
41            android:value="@string/google_maps_key" />
41-->src\main\AndroidManifest.xml:22:13-52
42        <meta-data
42-->src\main\AndroidManifest.xml:23:9-25:69
43            android:name="com.google.android.gms.version"
43-->src\main\AndroidManifest.xml:24:13-58
44            android:value="@integer/google_play_services_version" />
44-->src\main\AndroidManifest.xml:25:13-66
45        <meta-data
45-->src\main\AndroidManifest.xml:27:9-28:54
46            android:name="com.facebook.sdk.ApplicationId"
46-->src\main\AndroidManifest.xml:27:20-65
47            android:value="@string/facebook_app_id" />
47-->src\main\AndroidManifest.xml:28:13-52
48
49        <activity
49-->src\main\AndroidManifest.xml:30:9-33:48
50            android:name="com.facebook.FacebookActivity"
50-->src\main\AndroidManifest.xml:30:19-63
51            android:configChanges="keyboard|keyboardHidden|screenLayout|screenSize|orientation"
51-->src\main\AndroidManifest.xml:31:13-114
52            android:label="@string/app_name"
52-->src\main\AndroidManifest.xml:33:13-45
53            android:theme="@style/com_facebook_activity_theme" />
53-->[com.facebook.android:facebook-common:5.15.3] AndroidManifest.xml:33:13-63
54        <activity
54-->src\main\AndroidManifest.xml:34:9-43:20
55            android:name="com.facebook.CustomTabActivity"
55-->src\main\AndroidManifest.xml:35:13-58
56            android:exported="true" >
56-->src\main\AndroidManifest.xml:36:13-36
57            <intent-filter>
57-->src\main\AndroidManifest.xml:37:13-42:29
58                <action android:name="android.intent.action.VIEW" />
58-->src\main\AndroidManifest.xml:38:17-69
58-->src\main\AndroidManifest.xml:38:25-66
59
60                <category android:name="android.intent.category.DEFAULT" />
60-->src\main\AndroidManifest.xml:39:17-76
60-->src\main\AndroidManifest.xml:39:27-73
61                <category android:name="android.intent.category.BROWSABLE" />
61-->src\main\AndroidManifest.xml:40:17-78
61-->src\main\AndroidManifest.xml:40:27-75
62
63                <data android:scheme="@string/fb_login_protocol_scheme" />
63-->src\main\AndroidManifest.xml:41:17-75
63-->src\main\AndroidManifest.xml:41:23-72
64            </intent-filter>
65            <intent-filter>
65-->[com.facebook.android:facebook-common:5.15.3] AndroidManifest.xml:39:13-48:29
66                <action android:name="android.intent.action.VIEW" />
66-->src\main\AndroidManifest.xml:38:17-69
66-->src\main\AndroidManifest.xml:38:25-66
67
68                <category android:name="android.intent.category.DEFAULT" />
68-->src\main\AndroidManifest.xml:39:17-76
68-->src\main\AndroidManifest.xml:39:27-73
69                <category android:name="android.intent.category.BROWSABLE" />
69-->src\main\AndroidManifest.xml:40:17-78
69-->src\main\AndroidManifest.xml:40:27-75
70
71                <data
71-->src\main\AndroidManifest.xml:41:17-75
72                    android:host="cct.com.salampakistan"
73                    android:scheme="fbconnect" />
73-->src\main\AndroidManifest.xml:41:23-72
74            </intent-filter>
75        </activity>
76        <activity
76-->src\main\AndroidManifest.xml:45:9-53:20
77            android:name="com.salampakistan.SplashActivity"
77-->src\main\AndroidManifest.xml:46:13-43
78            android:noHistory="true" >
78-->src\main\AndroidManifest.xml:47:13-37
79            <intent-filter>
79-->src\main\AndroidManifest.xml:48:13-52:29
80                <action android:name="android.intent.action.MAIN" />
80-->src\main\AndroidManifest.xml:49:17-69
80-->src\main\AndroidManifest.xml:49:25-66
81
82                <category android:name="android.intent.category.LAUNCHER" />
82-->src\main\AndroidManifest.xml:51:17-77
82-->src\main\AndroidManifest.xml:51:27-74
83            </intent-filter>
84        </activity>
85        <activity
85-->src\main\AndroidManifest.xml:54:9-56:15
86            android:name="com.salampakistan.MainActivity"
86-->src\main\AndroidManifest.xml:54:19-47
87            android:windowSoftInputMode="adjustPan" />
87-->src\main\AndroidManifest.xml:55:13-52
88        <activity
88-->src\main\AndroidManifest.xml:57:9-59:15
89            android:name="com.salampakistan.ui.onboarding.OnBoardingActivity"
89-->src\main\AndroidManifest.xml:57:19-67
90            android:noHistory="true" />
90-->src\main\AndroidManifest.xml:58:13-37
91        <activity
91-->[com.github.esafirm.android-image-picker:imagepicker:2.4.1] AndroidManifest.xml:16:9-19:50
92            android:name="com.esafirm.imagepicker.features.ImagePickerActivity"
92-->[com.github.esafirm.android-image-picker:imagepicker:2.4.1] AndroidManifest.xml:17:13-80
93            android:configChanges="orientation|screenSize"
93-->[com.github.esafirm.android-image-picker:imagepicker:2.4.1] AndroidManifest.xml:18:13-59
94            android:theme="@style/ef_AppTheme" />
94-->[com.github.esafirm.android-image-picker:imagepicker:2.4.1] AndroidManifest.xml:19:13-47
95
96        <provider
96-->[com.github.esafirm.android-image-picker:imagepicker:2.4.1] AndroidManifest.xml:21:9-29:20
97            android:name="com.esafirm.imagepicker.helper.ImagePickerFileProvider"
97-->[com.github.esafirm.android-image-picker:imagepicker:2.4.1] AndroidManifest.xml:22:13-82
98            android:authorities="com.salampakistan.imagepicker.provider"
98-->[com.github.esafirm.android-image-picker:imagepicker:2.4.1] AndroidManifest.xml:23:13-72
99            android:exported="false"
99-->[com.github.esafirm.android-image-picker:imagepicker:2.4.1] AndroidManifest.xml:24:13-37
100            android:grantUriPermissions="true" >
100-->[com.github.esafirm.android-image-picker:imagepicker:2.4.1] AndroidManifest.xml:25:13-47
101            <meta-data
101-->[com.github.esafirm.android-image-picker:imagepicker:2.4.1] AndroidManifest.xml:26:13-28:71
102                android:name="android.support.FILE_PROVIDER_PATHS"
102-->[com.github.esafirm.android-image-picker:imagepicker:2.4.1] AndroidManifest.xml:27:17-67
103                android:resource="@xml/image_picker_provider_paths" />
103-->[com.github.esafirm.android-image-picker:imagepicker:2.4.1] AndroidManifest.xml:28:17-68
104        </provider>
105
106        <activity android:name="com.facebook.CustomTabMainActivity" /> <!-- Needs to be explicitly declared on P+ -->
106-->[com.facebook.android:facebook-common:5.15.3] AndroidManifest.xml:34:9-71
106-->[com.facebook.android:facebook-common:5.15.3] AndroidManifest.xml:34:19-68
107        <uses-library
107-->[com.google.android.gms:play-services-maps:17.0.0] AndroidManifest.xml:33:9-35:40
108            android:name="org.apache.http.legacy"
108-->[com.google.android.gms:play-services-maps:17.0.0] AndroidManifest.xml:34:13-50
109            android:required="false" />
109-->[com.google.android.gms:play-services-maps:17.0.0] AndroidManifest.xml:35:13-37
110
111        <provider
111-->[androidx.lifecycle:lifecycle-process:2.2.0] AndroidManifest.xml:25:9-29:43
112            android:name="androidx.lifecycle.ProcessLifecycleOwnerInitializer"
112-->[androidx.lifecycle:lifecycle-process:2.2.0] AndroidManifest.xml:26:13-79
113            android:authorities="com.salampakistan.lifecycle-process"
113-->[androidx.lifecycle:lifecycle-process:2.2.0] AndroidManifest.xml:27:13-69
114            android:exported="false"
114-->[androidx.lifecycle:lifecycle-process:2.2.0] AndroidManifest.xml:28:13-37
115            android:multiprocess="true" />
115-->[androidx.lifecycle:lifecycle-process:2.2.0] AndroidManifest.xml:29:13-40
116        <!--
117         The initialization ContentProvider will call FacebookSdk.sdkInitialize automatically
118         with the application context. This config is merged in with the host app's manifest,
119         but there can only be one provider with the same authority activated at any given
120         point; so if the end user has two or more different apps that use Facebook SDK, only the
121         first one will be able to use the provider. To work around this problem, we use the
122         following placeholder in the authority to identify each host application as if it was
123         a completely different provider.
124        -->
125        <provider
125-->[com.facebook.android:facebook-core:5.15.3] AndroidManifest.xml:39:9-42:40
126            android:name="com.facebook.internal.FacebookInitProvider"
126-->[com.facebook.android:facebook-core:5.15.3] AndroidManifest.xml:40:13-70
127            android:authorities="com.salampakistan.FacebookInitProvider"
127-->[com.facebook.android:facebook-core:5.15.3] AndroidManifest.xml:41:13-72
128            android:exported="false" />
128-->[com.facebook.android:facebook-core:5.15.3] AndroidManifest.xml:42:13-37
129
130        <receiver
130-->[com.facebook.android:facebook-core:5.15.3] AndroidManifest.xml:44:9-50:20
131            android:name="com.facebook.CurrentAccessTokenExpirationBroadcastReceiver"
131-->[com.facebook.android:facebook-core:5.15.3] AndroidManifest.xml:45:13-86
132            android:exported="false" >
132-->[com.facebook.android:facebook-core:5.15.3] AndroidManifest.xml:46:13-37
133            <intent-filter>
133-->[com.facebook.android:facebook-core:5.15.3] AndroidManifest.xml:47:13-49:29
134                <action android:name="com.facebook.sdk.ACTION_CURRENT_ACCESS_TOKEN_CHANGED" />
134-->[com.facebook.android:facebook-core:5.15.3] AndroidManifest.xml:48:17-95
134-->[com.facebook.android:facebook-core:5.15.3] AndroidManifest.xml:48:25-92
135            </intent-filter>
136        </receiver>
137
138        <activity
138-->[com.google.android.gms:play-services-base:17.0.0] AndroidManifest.xml:23:9-26:75
139            android:name="com.google.android.gms.common.api.GoogleApiActivity"
139-->[com.google.android.gms:play-services-base:17.0.0] AndroidManifest.xml:24:13-79
140            android:exported="false"
140-->[com.google.android.gms:play-services-base:17.0.0] AndroidManifest.xml:25:13-37
141            android:theme="@android:style/Theme.Translucent.NoTitleBar" />
141-->[com.google.android.gms:play-services-base:17.0.0] AndroidManifest.xml:26:13-72
142    </application>
143
144</manifest>